{
  "0 debug pnpm:scope": {
    "selected": 1
  },
  "1 error pnpm": {
    "errno": 1,
    "code": "ELIFECYCLE",
    "pkgid": "code@1.0.0",
    "stage": "dev",
    "script": "egg-bin dev",
    "pkgname": "code",
    "err": {
      "name": "pnpm",
      "message": "code@1.0.0 dev: `egg-bin dev`\nExit status 1",
      "code": "ELIFECYCLE",
      "stack": "pnpm: code@1.0.0 dev: `egg-bin dev`\nExit status 1\n    at EventEmitter.<anonymous> (C:\\Users\\chao.lv\\AppData\\Roaming\\nvm\\v14.12.0\\node_modules\\pnpm\\dist\\pnpm.cjs:105664:20)\n    at EventEmitter.emit (events.js:314:20)\n    at ChildProcess.<anonymous> (C:\\Users\\chao.lv\\AppData\\Roaming\\nvm\\v14.12.0\\node_modules\\pnpm\\dist\\pnpm.cjs:92211:18)\n    at ChildProcess.emit (events.js:314:20)\n    at maybeClose (internal/child_process.js:1047:16)\n    at Process.ChildProcess._handle.onexit (internal/child_process.js:287:5)"
    }
  },
  "2 warn pnpm:global": " Local package.json exists, but node_modules missing, did you mean to install?"
}